Analysis & Synthesis report for projetoSD2
Fri Sep 30 09:56:46 2022
Quartus II Version 9.1 Build 350 03/24/2010 Service Pack 2 SJ Web Edition


---------------------
; Table of Contents ;
---------------------
  1. Legal Notice
  2. Analysis & Synthesis Summary
  3. Analysis & Synthesis Settings
  4. Parallel Compilation
  5. Analysis & Synthesis Source Files Read
  6. Analysis & Synthesis Resource Usage Summary
  7. Analysis & Synthesis Resource Utilization by Entity
  8. Analysis & Synthesis DSP Block Usage Summary
  9. State Machine - |main|calculadora:comb_3|prox_estado
 10. State Machine - |main|calculadora:comb_3|estado
 11. User-Specified and Inferred Latches
 12. Registers Removed During Synthesis
 13. General Register Statistics
 14. Multiplexer Restructuring Statistics (Restructuring Performed)
 15. Parameter Settings for User Entity Instance: calculadora:comb_3
 16. Parameter Settings for User Entity Instance: decode:comb_4
 17. Parameter Settings for User Entity Instance: decode:comb_5
 18. Parameter Settings for User Entity Instance: decode:comb_7
 19. Parameter Settings for Inferred Entity Instance: calculadora:comb_3|lpm_mult:Mult0
 20. lpm_mult Parameter Settings by Entity Instance
 21. Port Connectivity Checks: "calculadora:comb_3"
 22. Analysis & Synthesis Messages



----------------
; Legal Notice ;
----------------
Copyright (C) 1991-2010 Altera Corporation
Your use of Altera Corporation's design tools, logic functions 
and other software and tools, and its AMPP partner logic 
functions, and any output files from any of the foregoing 
(including device programming or simulation files), and any 
associated documentation or information are expressly subject 
to the terms and conditions of the Altera Program License 
Subscription Agreement, Altera MegaCore Function License 
Agreement, or other applicable license agreement, including, 
without limitation, that your use is for the sole purpose of 
programming logic devices manufactured by Altera and sold by 
Altera or its authorized distributors.  Please refer to the 
applicable agreement for further details.



+-----------------------------------------------------------------------------------+
; Analysis & Synthesis Summary                                                      ;
+------------------------------------+----------------------------------------------+
; Analysis & Synthesis Status        ; Successful - Fri Sep 30 09:56:46 2022        ;
; Quartus II Version                 ; 9.1 Build 350 03/24/2010 SP 2 SJ Web Edition ;
; Revision Name                      ; projetoSD2                                   ;
; Top-level Entity Name              ; main                                         ;
; Family                             ; Cyclone IV E                                 ;
; Total logic elements               ; 298                                          ;
;     Total combinational functions  ; 293                                          ;
;     Dedicated logic registers      ; 10                                           ;
; Total registers                    ; 10                                           ;
; Total pins                         ; 68                                           ;
; Total virtual pins                 ; 0                                            ;
; Total memory bits                  ; 0                                            ;
; Embedded Multiplier 9-bit elements ; 1                                            ;
; Total PLLs                         ; 0                                            ;
+------------------------------------+----------------------------------------------+


+----------------------------------------------------------------------------------------------------------------------+
; Analysis & Synthesis Settings                                                                                        ;
+----------------------------------------------------------------------------+--------------------+--------------------+
; Option                                                                     ; Setting            ; Default Value      ;
+----------------------------------------------------------------------------+--------------------+--------------------+
; Top-level entity name                                                      ; main               ; projetoSD2         ;
; Family name                                                                ; Cyclone IV E       ; Stratix II         ;
; Use Generated Physical Constraints File                                    ; Off                ;                    ;
; Use smart compilation                                                      ; Off                ; Off                ;
; Enable parallel Assembler and TimeQuest Timing Analyzer during compilation ; On                 ; On                 ;
; Enable compact report table                                                ; Off                ; Off                ;
; Restructure Multiplexers                                                   ; Auto               ; Auto               ;
; Create Debugging Nodes for IP Cores                                        ; Off                ; Off                ;
; Preserve fewer node names                                                  ; On                 ; On                 ;
; Disable OpenCore Plus hardware evaluation                                  ; Off                ; Off                ;
; Verilog Version                                                            ; Verilog_2001       ; Verilog_2001       ;
; VHDL Version                                                               ; VHDL_1993          ; VHDL_1993          ;
; State Machine Processing                                                   ; Auto               ; Auto               ;
; Safe State Machine                                                         ; Off                ; Off                ;
; Extract Verilog State Machines                                             ; On                 ; On                 ;
; Extract VHDL State Machines                                                ; On                 ; On                 ;
; Ignore Verilog initial constructs                                          ; Off                ; Off                ;
; Iteration limit for constant Verilog loops                                 ; 5000               ; 5000               ;
; Iteration limit for non-constant Verilog loops                             ; 250                ; 250                ;
; Add Pass-Through Logic to Inferred RAMs                                    ; On                 ; On                 ;
; Parallel Synthesis                                                         ; On                 ; On                 ;
; DSP Block Balancing                                                        ; Auto               ; Auto               ;
; NOT Gate Push-Back                                                         ; On                 ; On                 ;
; Power-Up Don't Care                                                        ; On                 ; On                 ;
; Remove Redundant Logic Cells                                               ; Off                ; Off                ;
; Remove Duplicate Registers                                                 ; On                 ; On                 ;
; Ignore CARRY Buffers                                                       ; Off                ; Off                ;
; Ignore CASCADE Buffers                                                     ; Off                ; Off                ;
; Ignore GLOBAL Buffers                                                      ; Off                ; Off                ;
; Ignore ROW GLOBAL Buffers                                                  ; Off                ; Off                ;
; Ignore LCELL Buffers                                                       ; Off                ; Off                ;
; Ignore SOFT Buffers                                                        ; On                 ; On                 ;
; Limit AHDL Integers to 32 Bits                                             ; Off                ; Off                ;
; Optimization Technique                                                     ; Balanced           ; Balanced           ;
; Carry Chain Length                                                         ; 70                 ; 70                 ;
; Auto Carry Chains                                                          ; On                 ; On                 ;
; Auto Open-Drain Pins                                                       ; On                 ; On                 ;
; Perform WYSIWYG Primitive Resynthesis                                      ; Off                ; Off                ;
; Auto ROM Replacement                                                       ; On                 ; On                 ;
; Auto RAM Replacement                                                       ; On                 ; On                 ;
; Auto DSP Block Replacement                                                 ; On                 ; On                 ;
; Auto Shift Register Replacement                                            ; Auto               ; Auto               ;
; Auto Clock Enable Replacement                                              ; On                 ; On                 ;
; Strict RAM Replacement                                                     ; Off                ; Off                ;
; Allow Synchronous Control Signals                                          ; On                 ; On                 ;
; Force Use of Synchronous Clear Signals                                     ; Off                ; Off                ;
; Auto RAM Block Balancing                                                   ; On                 ; On                 ;
; Auto RAM to Logic Cell Conversion                                          ; Off                ; Off                ;
; Auto Resource Sharing                                                      ; Off                ; Off                ;
; Allow Any RAM Size For Recognition                                         ; Off                ; Off                ;
; Allow Any ROM Size For Recognition                                         ; Off                ; Off                ;
; Allow Any Shift Register Size For Recognition                              ; Off                ; Off                ;
; Use LogicLock Constraints during Resource Balancing                        ; On                 ; On                 ;
; Ignore translate_off and synthesis_off directives                          ; Off                ; Off                ;
; Timing-Driven Synthesis                                                    ; On                 ; On                 ;
; Show Parameter Settings Tables in Synthesis Report                         ; On                 ; On                 ;
; Ignore Maximum Fan-Out Assignments                                         ; Off                ; Off                ;
; Synchronization Register Chain Length                                      ; 2                  ; 2                  ;
; PowerPlay Power Optimization                                               ; Normal compilation ; Normal compilation ;
; HDL message level                                                          ; Level2             ; Level2             ;
; Suppress Register Optimization Related Messages                            ; Off                ; Off                ;
; Number of Removed Registers Reported in Synthesis Report                   ; 5000               ; 5000               ;
; Number of Inverted Registers Reported in Synthesis Report                  ; 100                ; 100                ;
; Clock MUX Protection                                                       ; On                 ; On                 ;
; Auto Gated Clock Conversion                                                ; Off                ; Off                ;
; Block Design Naming                                                        ; Auto               ; Auto               ;
; SDC constraint protection                                                  ; Off                ; Off                ;
; Synthesis Effort                                                           ; Auto               ; Auto               ;
; Shift Register Replacement - Allow Asynchronous Clear Signal               ; On                 ; On                 ;
; Analysis & Synthesis Message Level                                         ; Medium             ; Medium             ;
; Disable Register Merging Across Hierarchies                                ; Auto               ; Auto               ;
; Resource Aware Inference For Block RAM                                     ; On                 ; On                 ;
+----------------------------------------------------------------------------+--------------------+--------------------+


Parallel compilation was disabled, but you have multiple processors available. Enable parallel compilation to reduce compilation time.
+-------------------------------------+
; Parallel Compilation                ;
+----------------------------+--------+
; Processors                 ; Number ;
+----------------------------+--------+
; Number detected on machine ; 4      ;
; Maximum allowed            ; 1      ;
+----------------------------+--------+


+--------------------------------------------------------------------------------------------------------------------------------------------------+
; Analysis & Synthesis Source Files Read                                                                                                           ;
+----------------------------------+-----------------+------------------------------+--------------------------------------------------------------+
; File Name with User-Entered Path ; Used in Netlist ; File Type                    ; File Name with Absolute Path                                 ;
+----------------------------------+-----------------+------------------------------+--------------------------------------------------------------+
; calculadora.v                    ; yes             ; User Verilog HDL File        ; C:/Users/caior/Desktop/projetoSD2/calculadora.v              ;
; decode.v                         ; yes             ; User Verilog HDL File        ; C:/Users/caior/Desktop/projetoSD2/decode.v                   ;
; decodeSinal.v                    ; yes             ; User Verilog HDL File        ; C:/Users/caior/Desktop/projetoSD2/decodeSinal.v              ;
; main.v                           ; yes             ; User Verilog HDL File        ; C:/Users/caior/Desktop/projetoSD2/main.v                     ;
; lpm_mult.tdf                     ; yes             ; Megafunction                 ; f:/altera/91sp2/quartus/libraries/megafunctions/lpm_mult.tdf ;
; db/mult_6at.tdf                  ; yes             ; Auto-Generated Megafunction  ; C:/Users/caior/Desktop/projetoSD2/db/mult_6at.tdf            ;
+----------------------------------+-----------------+------------------------------+--------------------------------------------------------------+


+---------------------------------------------------------------------+
; Analysis & Synthesis Resource Usage Summary                         ;
+---------------------------------------------+-----------------------+
; Resource                                    ; Usage                 ;
+---------------------------------------------+-----------------------+
; Estimated Total logic elements              ; 298                   ;
;                                             ;                       ;
; Total combinational functions               ; 293                   ;
; Logic element usage by number of LUT inputs ;                       ;
;     -- 4 input functions                    ; 206                   ;
;     -- 3 input functions                    ; 62                    ;
;     -- <=2 input functions                  ; 25                    ;
;                                             ;                       ;
; Logic elements by mode                      ;                       ;
;     -- normal mode                          ; 280                   ;
;     -- arithmetic mode                      ; 13                    ;
;                                             ;                       ;
; Total registers                             ; 10                    ;
;     -- Dedicated logic registers            ; 10                    ;
;     -- I/O registers                        ; 0                     ;
;                                             ;                       ;
; I/O pins                                    ; 68                    ;
; Embedded Multiplier 9-bit elements          ; 1                     ;
; Maximum fan-out node                        ; calculadora:comb_3|EN ;
; Maximum fan-out                             ; 44                    ;
; Total fan-out                               ; 1211                  ;
; Average fan-out                             ; 2.75                  ;
+---------------------------------------------+-----------------------+


+---------------------------------------------------------------------------------------------------------------------------------------------------------------------------------------------------------------------------------+
; Analysis & Synthesis Resource Utilization by Entity                                                                                                                                                                             ;
+------------------------------------+-------------------+--------------+-------------+--------------+---------+-----------+------+--------------+-----------------------------------------------------------------+--------------+
; Compilation Hierarchy Node         ; LC Combinationals ; LC Registers ; Memory Bits ; DSP Elements ; DSP 9x9 ; DSP 18x18 ; Pins ; Virtual Pins ; Full Hierarchy Name                                             ; Library Name ;
+------------------------------------+-------------------+--------------+-------------+--------------+---------+-----------+------+--------------+-----------------------------------------------------------------+--------------+
; |main                              ; 293 (0)           ; 10 (0)       ; 0           ; 1            ; 1       ; 0         ; 68   ; 0            ; |main                                                           ; work         ;
;    |calculadora:comb_3|            ; 67 (67)           ; 10 (10)      ; 0           ; 1            ; 1       ; 0         ; 0    ; 0            ; |main|calculadora:comb_3                                        ;              ;
;       |lpm_mult:Mult0|             ; 0 (0)             ; 0 (0)        ; 0           ; 1            ; 1       ; 0         ; 0    ; 0            ; |main|calculadora:comb_3|lpm_mult:Mult0                         ;              ;
;          |mult_6at:auto_generated| ; 0 (0)             ; 0 (0)        ; 0           ; 1            ; 1       ; 0         ; 0    ; 0            ; |main|calculadora:comb_3|lpm_mult:Mult0|mult_6at:auto_generated ;              ;
;    |decode:comb_4|                 ; 75 (75)           ; 0 (0)        ; 0           ; 0            ; 0       ; 0         ; 0    ; 0            ; |main|decode:comb_4                                             ;              ;
;    |decode:comb_5|                 ; 75 (75)           ; 0 (0)        ; 0           ; 0            ; 0       ; 0         ; 0    ; 0            ; |main|decode:comb_5                                             ; work         ;
;    |decode:comb_7|                 ; 75 (75)           ; 0 (0)        ; 0           ; 0            ; 0       ; 0         ; 0    ; 0            ; |main|decode:comb_7                                             ; work         ;
;    |decodeSinal:comb_6|            ; 1 (1)             ; 0 (0)        ; 0           ; 0            ; 0       ; 0         ; 0    ; 0            ; |main|decodeSinal:comb_6                                        ; work         ;
+------------------------------------+-------------------+--------------+-------------+--------------+---------+-----------+------+--------------+-----------------------------------------------------------------+--------------+
Note: For table entries with two numbers listed, the numbers in parentheses indicate the number of resources of the given type used by the specific entity alone. The numbers listed outside of parentheses indicate the total resources of the given type used by the specific entity and all of its sub-entities in the hierarchy.


+-----------------------------------------------------+
; Analysis & Synthesis DSP Block Usage Summary        ;
+---------------------------------------+-------------+
; Statistic                             ; Number Used ;
+---------------------------------------+-------------+
; Simple Multipliers (9-bit)            ; 1           ;
; Simple Multipliers (18-bit)           ; 0           ;
; Embedded Multiplier Blocks            ; --          ;
; Embedded Multiplier 9-bit elements    ; 1           ;
; Signed Embedded Multipliers           ; 0           ;
; Unsigned Embedded Multipliers         ; 1           ;
; Mixed Sign Embedded Multipliers       ; 0           ;
; Variable Sign Embedded Multipliers    ; 0           ;
; Dedicated Input Shift Register Chains ; 0           ;
+---------------------------------------+-------------+
Note: number of Embedded Multiplier Blocks used is only available after a successful fit.


Encoding Type:  One-Hot
+-----------------------------------------------------------------------------------------------------------------------------+
; State Machine - |main|calculadora:comb_3|prox_estado                                                                        ;
+-----------------------+-----------------+------------------+--------------------+-----------------------+-------------------+
; Name                  ; prox_estado.sub ; prox_estado.soma ; prox_estado.ligado ; prox_estado.desligado ; prox_estado.multi ;
+-----------------------+-----------------+------------------+--------------------+-----------------------+-------------------+
; prox_estado.desligado ; 0               ; 0                ; 0                  ; 0                     ; 0                 ;
; prox_estado.ligado    ; 0               ; 0                ; 1                  ; 1                     ; 0                 ;
; prox_estado.soma      ; 0               ; 1                ; 0                  ; 1                     ; 0                 ;
; prox_estado.sub       ; 1               ; 0                ; 0                  ; 1                     ; 0                 ;
; prox_estado.multi     ; 0               ; 0                ; 0                  ; 1                     ; 1                 ;
+-----------------------+-----------------+------------------+--------------------+-----------------------+-------------------+


Encoding Type:  One-Hot
+-----------------------------------------------------------------------------------------------+
; State Machine - |main|calculadora:comb_3|estado                                               ;
+------------------+------------+-------------+---------------+------------------+--------------+
; Name             ; estado.sub ; estado.soma ; estado.ligado ; estado.desligado ; estado.multi ;
+------------------+------------+-------------+---------------+------------------+--------------+
; estado.desligado ; 0          ; 0           ; 0             ; 0                ; 0            ;
; estado.ligado    ; 0          ; 0           ; 1             ; 1                ; 0            ;
; estado.soma      ; 0          ; 1           ; 0             ; 1                ; 0            ;
; estado.sub       ; 1          ; 0           ; 0             ; 1                ; 0            ;
; estado.multi     ; 0          ; 0           ; 0             ; 1                ; 1            ;
+------------------+------------+-------------+---------------+------------------+--------------+


+-------------------------------------------------------------------------------------------------------------------+
; User-Specified and Inferred Latches                                                                               ;
+----------------------------------------------------+-------------------------------------+------------------------+
; Latch Name                                         ; Latch Enable Signal                 ; Free of Timing Hazards ;
+----------------------------------------------------+-------------------------------------+------------------------+
; calculadora:comb_3|EN                              ; calculadora:comb_3|WideOr1          ; yes                    ;
; calculadora:comb_3|Y[5]                            ; calculadora:comb_3|estado.desligado ; yes                    ;
; calculadora:comb_3|Y[1]                            ; calculadora:comb_3|estado.desligado ; yes                    ;
; calculadora:comb_3|Y[2]                            ; calculadora:comb_3|estado.desligado ; yes                    ;
; calculadora:comb_3|Y[3]                            ; calculadora:comb_3|estado.desligado ; yes                    ;
; calculadora:comb_3|Y[6]                            ; calculadora:comb_3|estado.desligado ; yes                    ;
; calculadora:comb_3|Y[4]                            ; calculadora:comb_3|estado.desligado ; yes                    ;
; calculadora:comb_3|Y[0]                            ; calculadora:comb_3|estado.desligado ; yes                    ;
; calculadora:comb_3|sinal                           ; calculadora:comb_3|estado.desligado ; yes                    ;
; Number of user-specified and inferred latches = 9  ;                                     ;                        ;
+----------------------------------------------------+-------------------------------------+------------------------+
Note: All latches listed above may not be present at the end of synthesis due to various synthesis optimizations.


+------------------------------------------------------------+
; Registers Removed During Synthesis                         ;
+---------------------------------------+--------------------+
; Register name                         ; Reason for Removal ;
+---------------------------------------+--------------------+
; calculadora:comb_3|prox_estado~2      ; Lost fanout        ;
; calculadora:comb_3|prox_estado~3      ; Lost fanout        ;
; calculadora:comb_3|estado~2           ; Lost fanout        ;
; calculadora:comb_3|estado~3           ; Lost fanout        ;
; Total Number of Removed Registers = 4 ;                    ;
+---------------------------------------+--------------------+


+------------------------------------------------------+
; General Register Statistics                          ;
+----------------------------------------------+-------+
; Statistic                                    ; Value ;
+----------------------------------------------+-------+
; Total registers                              ; 10    ;
; Number of registers using Synchronous Clear  ; 0     ;
; Number of registers using Synchronous Load   ; 0     ;
; Number of registers using Asynchronous Clear ; 0     ;
; Number of registers using Asynchronous Load  ; 0     ;
; Number of registers using Clock Enable       ; 5     ;
; Number of registers using Preset             ; 0     ;
+----------------------------------------------+-------+


+--------------------------------------------------------------------------------------------------------------------------------------------------+
; Multiplexer Restructuring Statistics (Restructuring Performed)                                                                                   ;
+--------------------+-----------+---------------+----------------------+------------------------+------------+------------------------------------+
; Multiplexer Inputs ; Bus Width ; Baseline Area ; Area if Restructured ; Saving if Restructured ; Registered ; Example Multiplexer Output         ;
+--------------------+-----------+---------------+----------------------+------------------------+------------+------------------------------------+
; 4:1                ; 7 bits    ; 14 LEs        ; 14 LEs               ; 0 LEs                  ; No         ; |main|calculadora:comb_3|Selector7 ;
; 8:1                ; 3 bits    ; 15 LEs        ; 15 LEs               ; 0 LEs                  ; No         ; |main|calculadora:comb_3|Selector2 ;
; 10:1               ; 2 bits    ; 12 LEs        ; 8 LEs                ; 4 LEs                  ; No         ; |main|calculadora:comb_3|Selector0 ;
+--------------------+-----------+---------------+----------------------+------------------------+------------+------------------------------------+


+-----------------------------------------------------------------+
; Parameter Settings for User Entity Instance: calculadora:comb_3 ;
+----------------+-------+----------------------------------------+
; Parameter Name ; Value ; Type                                   ;
+----------------+-------+----------------------------------------+
; desligado      ; 0     ; Signed Integer                         ;
; ligado         ; 1     ; Signed Integer                         ;
; soma           ; 2     ; Signed Integer                         ;
; sub            ; 3     ; Signed Integer                         ;
; multi          ; 4     ; Signed Integer                         ;
+----------------+-------+----------------------------------------+
Note: In order to hide this table in the UI and the text report file, please set the "Show Parameter Settings Tables in Synthesis Report" option in "Analysis and Synthesis Settings -> More Settings" to "Off".


+------------------------------------------------------------+
; Parameter Settings for User Entity Instance: decode:comb_4 ;
+----------------+---------+---------------------------------+
; Parameter Name ; Value   ; Type                            ;
+----------------+---------+---------------------------------+
; zero           ; 0000001 ; Unsigned Binary                 ;
; um             ; 1001111 ; Unsigned Binary                 ;
; dois           ; 0010010 ; Unsigned Binary                 ;
; tres           ; 0000110 ; Unsigned Binary                 ;
; quatro         ; 1001100 ; Unsigned Binary                 ;
; cinco          ; 0100100 ; Unsigned Binary                 ;
; seis           ; 0100000 ; Unsigned Binary                 ;
; sete           ; 0001111 ; Unsigned Binary                 ;
; oito           ; 0000000 ; Unsigned Binary                 ;
; nove           ; 0000100 ; Unsigned Binary                 ;
+----------------+---------+---------------------------------+
Note: In order to hide this table in the UI and the text report file, please set the "Show Parameter Settings Tables in Synthesis Report" option in "Analysis and Synthesis Settings -> More Settings" to "Off".


+------------------------------------------------------------+
; Parameter Settings for User Entity Instance: decode:comb_5 ;
+----------------+---------+---------------------------------+
; Parameter Name ; Value   ; Type                            ;
+----------------+---------+---------------------------------+
; zero           ; 0000001 ; Unsigned Binary                 ;
; um             ; 1001111 ; Unsigned Binary                 ;
; dois           ; 0010010 ; Unsigned Binary                 ;
; tres           ; 0000110 ; Unsigned Binary                 ;
; quatro         ; 1001100 ; Unsigned Binary                 ;
; cinco          ; 0100100 ; Unsigned Binary                 ;
; seis           ; 0100000 ; Unsigned Binary                 ;
; sete           ; 0001111 ; Unsigned Binary                 ;
; oito           ; 0000000 ; Unsigned Binary                 ;
; nove           ; 0000100 ; Unsigned Binary                 ;
+----------------+---------+---------------------------------+
Note: In order to hide this table in the UI and the text report file, please set the "Show Parameter Settings Tables in Synthesis Report" option in "Analysis and Synthesis Settings -> More Settings" to "Off".


+------------------------------------------------------------+
; Parameter Settings for User Entity Instance: decode:comb_7 ;
+----------------+---------+---------------------------------+
; Parameter Name ; Value   ; Type                            ;
+----------------+---------+---------------------------------+
; zero           ; 0000001 ; Unsigned Binary                 ;
; um             ; 1001111 ; Unsigned Binary                 ;
; dois           ; 0010010 ; Unsigned Binary                 ;
; tres           ; 0000110 ; Unsigned Binary                 ;
; quatro         ; 1001100 ; Unsigned Binary                 ;
; cinco          ; 0100100 ; Unsigned Binary                 ;
; seis           ; 0100000 ; Unsigned Binary                 ;
; sete           ; 0001111 ; Unsigned Binary                 ;
; oito           ; 0000000 ; Unsigned Binary                 ;
; nove           ; 0000100 ; Unsigned Binary                 ;
+----------------+---------+---------------------------------+
Note: In order to hide this table in the UI and the text report file, please set the "Show Parameter Settings Tables in Synthesis Report" option in "Analysis and Synthesis Settings -> More Settings" to "Off".


+-------------------------------------------------------------------------------------+
; Parameter Settings for Inferred Entity Instance: calculadora:comb_3|lpm_mult:Mult0  ;
+------------------------------------------------+--------------+---------------------+
; Parameter Name                                 ; Value        ; Type                ;
+------------------------------------------------+--------------+---------------------+
; AUTO_CARRY_CHAINS                              ; ON           ; AUTO_CARRY          ;
; IGNORE_CARRY_BUFFERS                           ; OFF          ; IGNORE_CARRY        ;
; AUTO_CASCADE_CHAINS                            ; ON           ; AUTO_CASCADE        ;
; IGNORE_CASCADE_BUFFERS                         ; OFF          ; IGNORE_CASCADE      ;
; LPM_WIDTHA                                     ; 7            ; Untyped             ;
; LPM_WIDTHB                                     ; 7            ; Untyped             ;
; LPM_WIDTHP                                     ; 14           ; Untyped             ;
; LPM_WIDTHR                                     ; 14           ; Untyped             ;
; LPM_WIDTHS                                     ; 1            ; Untyped             ;
; LPM_REPRESENTATION                             ; UNSIGNED     ; Untyped             ;
; LPM_PIPELINE                                   ; 0            ; Untyped             ;
; LATENCY                                        ; 0            ; Untyped             ;
; INPUT_A_IS_CONSTANT                            ; NO           ; Untyped             ;
; INPUT_B_IS_CONSTANT                            ; NO           ; Untyped             ;
; USE_EAB                                        ; OFF          ; Untyped             ;
; MAXIMIZE_SPEED                                 ; 5            ; Untyped             ;
; DEVICE_FAMILY                                  ; Cyclone IV E ; Untyped             ;
; CARRY_CHAIN                                    ; MANUAL       ; Untyped             ;
; APEX20K_TECHNOLOGY_MAPPER                      ; LUT          ; TECH_MAPPER_APEX20K ;
; DEDICATED_MULTIPLIER_CIRCUITRY                 ; AUTO         ; Untyped             ;
; DEDICATED_MULTIPLIER_MIN_INPUT_WIDTH_FOR_AUTO  ; 0            ; Untyped             ;
; DEDICATED_MULTIPLIER_MIN_OUTPUT_WIDTH_FOR_AUTO ; 0            ; Untyped             ;
; CBXI_PARAMETER                                 ; mult_6at     ; Untyped             ;
; INPUT_A_FIXED_VALUE                            ; Bx           ; Untyped             ;
; INPUT_B_FIXED_VALUE                            ; Bx           ; Untyped             ;
; USE_AHDL_IMPLEMENTATION                        ; OFF          ; Untyped             ;
+------------------------------------------------+--------------+---------------------+
Note: In order to hide this table in the UI and the text report file, please set the "Show Parameter Settings Tables in Synthesis Report" option in "Analysis and Synthesis Settings -> More Settings" to "Off".


+---------------------------------------------------------------------------+
; lpm_mult Parameter Settings by Entity Instance                            ;
+---------------------------------------+-----------------------------------+
; Name                                  ; Value                             ;
+---------------------------------------+-----------------------------------+
; Number of entity instances            ; 1                                 ;
; Entity Instance                       ; calculadora:comb_3|lpm_mult:Mult0 ;
;     -- LPM_WIDTHA                     ; 7                                 ;
;     -- LPM_WIDTHB                     ; 7                                 ;
;     -- LPM_WIDTHP                     ; 14                                ;
;     -- LPM_REPRESENTATION             ; UNSIGNED                          ;
;     -- INPUT_A_IS_CONSTANT            ; NO                                ;
;     -- INPUT_B_IS_CONSTANT            ; NO                                ;
;     -- USE_EAB                        ; OFF                               ;
;     -- DEDICATED_MULTIPLIER_CIRCUITRY ; AUTO                              ;
;     -- INPUT_A_FIXED_VALUE            ; Bx                                ;
;     -- INPUT_B_FIXED_VALUE            ; Bx                                ;
+---------------------------------------+-----------------------------------+


+---------------------------------------------------------------------------------------------------------------------------------------------------+
; Port Connectivity Checks: "calculadora:comb_3"                                                                                                    ;
+------+--------+----------+------------------------------------------------------------------------------------------------------------------------+
; Port ; Type   ; Severity ; Details                                                                                                                ;
+------+--------+----------+------------------------------------------------------------------------------------------------------------------------+
; Y    ; Output ; Warning  ; Output or bidir port (14 bits) is wider than the port expression (7 bits) it drives; bit(s) "Y[13..7]" have no fanouts ;
+------+--------+----------+------------------------------------------------------------------------------------------------------------------------+


+-------------------------------+
; Analysis & Synthesis Messages ;
+-------------------------------+
Info: *******************************************************************
Info: Running Quartus II Analysis & Synthesis
    Info: Version 9.1 Build 350 03/24/2010 Service Pack 2 SJ Web Edition
    Info: Processing started: Fri Sep 30 09:56:43 2022
Info: Command: quartus_map --read_settings_files=on --write_settings_files=off projetoSD2 -c projetoSD2
Warning (10263): Verilog HDL Event Control warning at calculadora.v(44): event expression contains "|" or "||"
Info: Found 1 design units, including 1 entities, in source file calculadora.v
    Info: Found entity 1: calculadora
Warning (10263): Verilog HDL Event Control warning at decode.v(8): event expression contains "|" or "||"
Info: Found 1 design units, including 1 entities, in source file decode.v
    Info: Found entity 1: decode
Warning (10263): Verilog HDL Event Control warning at decodeSinal.v(5): event expression contains "|" or "||"
Info: Found 1 design units, including 1 entities, in source file decodesinal.v
    Info: Found entity 1: decodeSinal
Info: Found 1 design units, including 1 entities, in source file main.v
    Info: Found entity 1: main
Critical Warning (10846): Verilog HDL Instantiation warning at main.v(8): instance has no name
Critical Warning (10846): Verilog HDL Instantiation warning at main.v(9): instance has no name
Critical Warning (10846): Verilog HDL Instantiation warning at main.v(10): instance has no name
Critical Warning (10846): Verilog HDL Instantiation warning at main.v(11): instance has no name
Critical Warning (10846): Verilog HDL Instantiation warning at main.v(12): instance has no name
Info: Elaborating entity "main" for the top level hierarchy
Info: Elaborating entity "calculadora" for hierarchy "calculadora:comb_3"
Warning (10240): Verilog HDL Always Construct warning at calculadora.v(44): inferring latch(es) for variable "EN", which holds its previous value in one or more paths through the always construct
Warning (10240): Verilog HDL Always Construct warning at calculadora.v(44): inferring latch(es) for variable "Y", which holds its previous value in one or more paths through the always construct
Warning (10240): Verilog HDL Always Construct warning at calculadora.v(44): inferring latch(es) for variable "sinal", which holds its previous value in one or more paths through the always construct
Info (10041): Inferred latch for "sinal" at calculadora.v(44)
Info (10041): Inferred latch for "Y[0]" at calculadora.v(44)
Info (10041): Inferred latch for "Y[1]" at calculadora.v(44)
Info (10041): Inferred latch for "Y[2]" at calculadora.v(44)
Info (10041): Inferred latch for "Y[3]" at calculadora.v(44)
Info (10041): Inferred latch for "Y[4]" at calculadora.v(44)
Info (10041): Inferred latch for "Y[5]" at calculadora.v(44)
Info (10041): Inferred latch for "Y[6]" at calculadora.v(44)
Info (10041): Inferred latch for "Y[7]" at calculadora.v(44)
Info (10041): Inferred latch for "Y[8]" at calculadora.v(44)
Info (10041): Inferred latch for "Y[9]" at calculadora.v(44)
Info (10041): Inferred latch for "Y[10]" at calculadora.v(44)
Info (10041): Inferred latch for "Y[11]" at calculadora.v(44)
Info (10041): Inferred latch for "Y[12]" at calculadora.v(44)
Info (10041): Inferred latch for "Y[13]" at calculadora.v(44)
Info (10041): Inferred latch for "EN" at calculadora.v(44)
Info: Elaborating entity "decode" for hierarchy "decode:comb_4"
Info: Elaborating entity "decodeSinal" for hierarchy "decodeSinal:comb_6"
Info: Found 6 instances of uninferred RAM logic
    Info: RAM logic "decode:comb_7|Ram1" is uninferred due to inappropriate RAM size
    Info: RAM logic "decode:comb_7|Ram0" is uninferred due to inappropriate RAM size
    Info: RAM logic "decode:comb_5|Ram1" is uninferred due to inappropriate RAM size
    Info: RAM logic "decode:comb_5|Ram0" is uninferred due to inappropriate RAM size
    Info: RAM logic "decode:comb_4|Ram1" is uninferred due to inappropriate RAM size
    Info: RAM logic "decode:comb_4|Ram0" is uninferred due to inappropriate RAM size
Info: Inferred 1 megafunctions from design logic
    Info: Inferred multiplier megafunction ("lpm_mult") from the following logic: "calculadora:comb_3|Mult0"
Info: Elaborated megafunction instantiation "calculadora:comb_3|lpm_mult:Mult0"
Info: Instantiated megafunction "calculadora:comb_3|lpm_mult:Mult0" with the following parameter:
    Info: Parameter "LPM_WIDTHA" = "7"
    Info: Parameter "LPM_WIDTHB" = "7"
    Info: Parameter "LPM_WIDTHP" = "14"
    Info: Parameter "LPM_WIDTHR" = "14"
    Info: Parameter "LPM_WIDTHS" = "1"
    Info: Parameter "LPM_REPRESENTATION" = "UNSIGNED"
    Info: Parameter "INPUT_A_IS_CONSTANT" = "NO"
    Info: Parameter "INPUT_B_IS_CONSTANT" = "NO"
    Info: Parameter "MAXIMIZE_SPEED" = "5"
Info: Found 1 design units, including 1 entities, in source file db/mult_6at.tdf
    Info: Found entity 1: mult_6at
Warning: 1 hierarchies have connectivity warnings - see the Connectivity Checks report folder
Warning: Latch calculadora:comb_3|EN has unsafe behavior
    Warning: Ports D and ENA on the latch are fed by the same signal calculadora:comb_3|estado.ligado
Warning: Output pins are stuck at VCC or GND
    Warning (13410): Pin "dis2[5]" is stuck at VCC
    Warning (13410): Pin "dis2[4]" is stuck at VCC
    Warning (13410): Pin "dis2[3]" is stuck at VCC
    Warning (13410): Pin "dis2[2]" is stuck at VCC
    Warning (13410): Pin "dis2[1]" is stuck at VCC
    Warning (13410): Pin "dis2[0]" is stuck at VCC
Info: Timing-Driven Synthesis is running
Info: 4 registers lost all their fanouts during netlist optimizations. The first 4 are displayed below.
    Info: Register "calculadora:comb_3|prox_estado~2" lost all its fanouts during netlist optimizations.
    Info: Register "calculadora:comb_3|prox_estado~3" lost all its fanouts during netlist optimizations.
    Info: Register "calculadora:comb_3|estado~2" lost all its fanouts during netlist optimizations.
    Info: Register "calculadora:comb_3|estado~3" lost all its fanouts during netlist optimizations.
Warning: Ignored assignments for entity "projetoSD2" -- entity does not exist in design
    Warning: Assignment for entity set_global_assignment -name LL_ROOT_REGION ON -entity projetoSD2 -section_id "Root Region" was ignored
    Warning: Assignment for entity set_global_assignment -name LL_MEMBER_STATE LOCKED -entity projetoSD2 -section_id "Root Region" was ignored
Info: Implemented 367 device resources after synthesis - the final resource count might be different
    Info: Implemented 19 input pins
    Info: Implemented 49 output pins
    Info: Implemented 298 logic cells
    Info: Implemented 1 DSP elements
Info: Quartus II Analysis & Synthesis was successful. 0 errors, 24 warnings
    Info: Peak virtual memory: 227 megabytes
    Info: Processing ended: Fri Sep 30 09:56:46 2022
    Info: Elapsed time: 00:00:03
    Info: Total CPU time (on all processors): 00:00:03


